<?xml version="1.0" encoding="UTF-8"?>
<!-- Generated by org.testng.reporters.JUnitReportReporter -->
<testsuite hostname="DESKTOP-QBL1DR2" failures="0" tests="1" name="testNGPractical.FacebookLogin" time="11.702" errors="0" timestamp="2024-03-31T14:37:54 IST" skipped="0">
  <testcase classname="testNGPractical.FacebookLogin" name="FacebookLoginFunction" time="11.702"/>
</testsuite> <!-- testNGPractical.FacebookLogin -->
