<?xml version="1.0" encoding="UTF-8"?>
<!-- Generated by org.testng.reporters.JUnitReportReporter -->
<testsuite hostname="DESKTOP-QBL1DR2" failures="0" tests="3" name="testNGPractical.AnnotationPriority" time="0.011" errors="0" timestamp="2023-11-04T18:13:52 IST" skipped="0">
  <testcase classname="testNGPractical.AnnotationPriority" name="CallingBrowser" time="0.008"/>
  <testcase classname="testNGPractical.AnnotationPriority" name="Profile" time="0.002"/>
  <testcase classname="testNGPractical.AnnotationPriority" name="Login" time="0.001"/>
</testsuite> <!-- testNGPractical.AnnotationPriority -->
