<?xml version="1.0" encoding="UTF-8"?>
<!-- Generated by org.testng.reporters.JUnitReportReporter -->
<testsuite hostname="DESKTOP-QBL1DR2" failures="0" tests="1" name="testNGPractical.HelloTestNG" time="0.006" errors="0" timestamp="2023-11-04T18:21:49 IST" skipped="0">
  <testcase classname="testNGPractical.HelloTestNG" name="callingURL" time="0.006"/>
</testsuite> <!-- testNGPractical.HelloTestNG -->
