<?xml version="1.0" encoding="UTF-8"?>
<!-- Generated by org.testng.reporters.JUnitReportReporter -->
<testsuite hostname="DESKTOP-QBL1DR2" failures="0" tests="3" name="testNGPractical.AnnotationPriority" time="0.012" errors="0" timestamp="2023-11-14T04:44:49 IST" skipped="0">
  <testcase classname="testNGPractical.AnnotationPriority" name="CallingBrowser" time="0.009"/>
  <testcase classname="testNGPractical.AnnotationPriority" name="Profile" time="0.002"/>
  <testcase classname="testNGPractical.AnnotationPriority" name="Login" time="0.001"/>
</testsuite> <!-- testNGPractical.AnnotationPriority -->
