<?xml version="1.0" encoding="UTF-8"?>
<!-- Generated by org.testng.reporters.JUnitReportReporter -->
<testsuite hostname="DESKTOP-QBL1DR2" failures="0" tests="2" name="testNGPractical.Individual_Assignment" time="9.481" errors="0" timestamp="2023-11-14T09:57:47 IST" skipped="0">
  <testcase classname="testNGPractical.Individual_Assignment" name="FailedUserLoginFunction1" time="5.161"/>
  <testcase classname="testNGPractical.Individual_Assignment" name="FailedUserLoginFunction2" time="4.320"/>
</testsuite> <!-- testNGPractical.Individual_Assignment -->
