<?xml version="1.0" encoding="UTF-8"?>
<!-- Generated by org.testng.reporters.JUnitReportReporter -->
<testsuite hostname="DESKTOP-QBL1DR2" failures="0" tests="26" name="testNGPractical.Individual_Assignment" time="122.412" errors="0" timestamp="2023-11-19T21:47:35 IST" skipped="0">
  <testcase classname="testNGPractical.Individual_Assignment" name="FailedUserLoginFunction1" time="5.967"/>
  <testcase classname="testNGPractical.Individual_Assignment" name="FailedUserLoginFunction2" time="7.912"/>
  <testcase classname="testNGPractical.Individual_Assignment" name="FailedUserLoginFunction3" time="9.891"/>
  <testcase classname="testNGPractical.Individual_Assignment" name="SuccessUserLoginFunction" time="9.973"/>
  <testcase classname="testNGPractical.Individual_Assignment" name="VerifyLoadedResult" time="2.371"/>
  <testcase classname="testNGPractical.Individual_Assignment" name="VerifyHeaderText" time="2.412"/>
  <testcase classname="testNGPractical.Individual_Assignment" name="VerifyPageTitle" time="2.353"/>
  <testcase classname="testNGPractical.Individual_Assignment" name="ButtonTrasition" time="5.500"/>
  <testcase classname="testNGPractical.Individual_Assignment" name="CartItemCount" time="0.354"/>
  <testcase classname="testNGPractical.Individual_Assignment" name="ClickcartIcon" time="2.382"/>
  <testcase classname="testNGPractical.Individual_Assignment" name="VerifyCartHeaderText" time="2.317"/>
  <testcase classname="testNGPractical.Individual_Assignment" name="VerifyItemDetails" time="2.273"/>
  <testcase classname="testNGPractical.Individual_Assignment" name="VerifyItemPrice" time="2.283"/>
  <testcase classname="testNGPractical.Individual_Assignment" name="VerifyItemCount" time="2.270"/>
  <testcase classname="testNGPractical.Individual_Assignment" name="ContinueShoppingBTN" time="5.619"/>
  <testcase classname="testNGPractical.Individual_Assignment" name="RemoveBTN" time="14.763"/>
  <testcase classname="testNGPractical.Individual_Assignment" name="CheckoutBTN" time="2.347"/>
  <testcase classname="testNGPractical.Individual_Assignment" name="VerifyCheckoutHeaderText" time="2.313"/>
  <testcase classname="testNGPractical.Individual_Assignment" name="CancelBTN" time="4.536"/>
  <testcase classname="testNGPractical.Individual_Assignment" name="ContinueBTNerr1" time="3.425"/>
  <testcase classname="testNGPractical.Individual_Assignment" name="ContinueBTNerr2" time="4.494"/>
  <testcase classname="testNGPractical.Individual_Assignment" name="VerifyCheckoutHeaderTxt" time="2.299"/>
  <testcase classname="testNGPractical.Individual_Assignment" name="ContinueBTN" time="9.604"/>
  <testcase classname="testNGPractical.Individual_Assignment" name="ComparePrice" time="2.306"/>
  <testcase classname="testNGPractical.Individual_Assignment" name="PriceCalculation" time="2.360"/>
  <testcase classname="testNGPractical.Individual_Assignment" name="finishbutton" time="10.088"/>
</testsuite> <!-- testNGPractical.Individual_Assignment -->
