<?xml version="1.0" encoding="UTF-8"?>
<!-- Generated by org.testng.reporters.JUnitReportReporter -->
<testsuite hostname="DESKTOP-QBL1DR2" failures="0" tests="4" name="testNGPractical.Individual_Assignment" time="20.297" errors="0" timestamp="2023-11-17T16:56:57 IST" skipped="0">
  <testcase classname="testNGPractical.Individual_Assignment" name="VerifyLoadedResult" time="10.584"/>
  <testcase classname="testNGPractical.Individual_Assignment" name="VerifyHeaderText" time="2.251"/>
  <testcase classname="testNGPractical.Individual_Assignment" name="VerifyPageTitle" time="2.202"/>
  <testcase classname="testNGPractical.Individual_Assignment" name="ButtonTrasition" time="5.260"/>
</testsuite> <!-- testNGPractical.Individual_Assignment -->
