<?xml version="1.0" encoding="UTF-8"?>
<!-- Generated by org.testng.reporters.JUnitReportReporter -->
<testsuite hostname="DESKTOP-QBL1DR2" failures="0" tests="12" name="testNGPractical.Individual_Assignment" time="51.130" errors="0" timestamp="2023-11-18T15:00:35 IST" skipped="0">
  <testcase classname="testNGPractical.Individual_Assignment" name="VerifyLoadedResult" time="10.535"/>
  <testcase classname="testNGPractical.Individual_Assignment" name="VerifyHeaderText" time="2.238"/>
  <testcase classname="testNGPractical.Individual_Assignment" name="VerifyPageTitle" time="2.191"/>
  <testcase classname="testNGPractical.Individual_Assignment" name="ButtonTrasition" time="5.262"/>
  <testcase classname="testNGPractical.Individual_Assignment" name="CartItemCount" time="0.200"/>
  <testcase classname="testNGPractical.Individual_Assignment" name="ClickcartIcon" time="2.218"/>
  <testcase classname="testNGPractical.Individual_Assignment" name="VerifyCartHeaderText" time="2.176"/>
  <testcase classname="testNGPractical.Individual_Assignment" name="VerifyItemDetails" time="2.184"/>
  <testcase classname="testNGPractical.Individual_Assignment" name="VerifyItemPrice" time="2.179"/>
  <testcase classname="testNGPractical.Individual_Assignment" name="VerifyItemCount" time="2.179"/>
  <testcase classname="testNGPractical.Individual_Assignment" name="ContinueShoppingBTN" time="5.341"/>
  <testcase classname="testNGPractical.Individual_Assignment" name="RemoveBTN" time="14.427"/>
</testsuite> <!-- testNGPractical.Individual_Assignment -->
