<?xml version="1.0" encoding="UTF-8"?>
<!-- Generated by org.testng.reporters.JUnitReportReporter -->
<testsuite hostname="DESKTOP-QBL1DR2" failures="0" tests="26" name="testNGPractical.Individual_Assignment" time="115.994" errors="0" timestamp="2023-12-01T17:14:57 IST" skipped="0">
  <testcase classname="testNGPractical.Individual_Assignment" name="FailedUserLoginFunction1" time="5.659"/>
  <testcase classname="testNGPractical.Individual_Assignment" name="FailedUserLoginFunction2" time="7.533"/>
  <testcase classname="testNGPractical.Individual_Assignment" name="FailedUserLoginFunction3" time="9.450"/>
  <testcase classname="testNGPractical.Individual_Assignment" name="SuccessUserLoginFunction" time="9.527"/>
  <testcase classname="testNGPractical.Individual_Assignment" name="VerifyLoadedResult" time="2.270"/>
  <testcase classname="testNGPractical.Individual_Assignment" name="VerifyHeaderText" time="2.242"/>
  <testcase classname="testNGPractical.Individual_Assignment" name="VerifyPageTitle" time="2.189"/>
  <testcase classname="testNGPractical.Individual_Assignment" name="ButtonTrasition" time="5.260"/>
  <testcase classname="testNGPractical.Individual_Assignment" name="CartItemCount" time="0.185"/>
  <testcase classname="testNGPractical.Individual_Assignment" name="ClickcartIcon" time="2.236"/>
  <testcase classname="testNGPractical.Individual_Assignment" name="VerifyCartHeaderText" time="2.205"/>
  <testcase classname="testNGPractical.Individual_Assignment" name="VerifyItemDetails" time="2.167"/>
  <testcase classname="testNGPractical.Individual_Assignment" name="VerifyItemPrice" time="2.168"/>
  <testcase classname="testNGPractical.Individual_Assignment" name="VerifyItemCount" time="2.177"/>
  <testcase classname="testNGPractical.Individual_Assignment" name="ContinueShoppingBTN" time="5.358"/>
  <testcase classname="testNGPractical.Individual_Assignment" name="RemoveBTN" time="14.404"/>
  <testcase classname="testNGPractical.Individual_Assignment" name="CheckoutBTN" time="2.201"/>
  <testcase classname="testNGPractical.Individual_Assignment" name="VerifyCheckoutHeaderText" time="2.204"/>
  <testcase classname="testNGPractical.Individual_Assignment" name="CancelBTN" time="4.267"/>
  <testcase classname="testNGPractical.Individual_Assignment" name="ContinueBTNerr1" time="3.252"/>
  <testcase classname="testNGPractical.Individual_Assignment" name="ContinueBTNerr2" time="3.885"/>
  <testcase classname="testNGPractical.Individual_Assignment" name="ContinueBTN" time="8.835"/>
  <testcase classname="testNGPractical.Individual_Assignment" name="VerifyCheckoutHeaderTxt" time="2.206"/>
  <testcase classname="testNGPractical.Individual_Assignment" name="ComparePrice" time="2.189"/>
  <testcase classname="testNGPractical.Individual_Assignment" name="PriceCalculation" time="2.236"/>
  <testcase classname="testNGPractical.Individual_Assignment" name="finishbutton" time="9.689"/>
</testsuite> <!-- testNGPractical.Individual_Assignment -->
