<?xml version="1.0" encoding="UTF-8"?>
<!-- Generated by org.testng.reporters.JUnitReportReporter -->
<testsuite hostname="DESKTOP-QBL1DR2" failures="0" tests="1" name="testNGPractical.FacebookLogin" time="8.481" errors="0" timestamp="2023-11-14T10:27:21 IST" skipped="0">
  <testcase classname="testNGPractical.FacebookLogin" name="FacebookLoginFunction" time="8.481"/>
</testsuite> <!-- testNGPractical.FacebookLogin -->
